<?xml version="1.0" encoding="UTF-8"?>
<!-- Generated by org.testng.reporters.JUnitReportReporter -->
<testsuite failures="0" tests="1" name="seleniumpractise.TrailSelenium" time="41.901" errors="0" timestamp="2021-06-06T13:16:04 IST" skipped="0">
  <testcase classname="seleniumpractise.TrailSelenium" name="initiateBrowser" time="41.901"/>
  <system-out/>
</testsuite> <!-- seleniumpractise.TrailSelenium -->
