<?xml version="1.0" encoding="UTF-8"?>
<!-- Generated by org.testng.reporters.JUnitReportReporter -->
<testsuite skipped="0" name="seleniumpractise.TrailSelenium" tests="1" failures="0" timestamp="2021-06-06T13:16:59 IST" time="25.615" errors="0">
  <testcase name="initiateBrowser" time="25.615" classname="seleniumpractise.TrailSelenium"/>
  <system-out/>
</testsuite> <!-- seleniumpractise.TrailSelenium -->
